[command arg: -ANA]
[command arg: c:\git\Resumes-main\analyzers\finalResumeAnalyzer\]
[command arg: -WORK]
[command arg: c:\Users\davec000\.vscode\extensions\dehilster.nlp-2.16.3\nlp-engine]
[command arg: c:\git\Resumes-main\analyzers\finalResumeAnalyzer\input\PDFResumes\PR12.txt]
[command arg: -DEV]
[logfile: c:\Users\davec000\.vscode\extensions\dehilster.nlp-2.16.3\nlp-engine\vtrun_logfile.out]
[rfbdir: c:\Users\davec000\.vscode\extensions\dehilster.nlp-2.16.3\nlp-engine\data\rfb\spec]
[analyzer directory: c:\git\Resumes-main\analyzers\finalResumeAnalyzer\]
[analyzer name: ]
[rfb file: c:\Users\davec000\.vscode\extensions\dehilster.nlp-2.16.3\nlp-engine\data\rfb\spec]
[Creating output directory: .\tmp]
[log file: .\tmp\visualtext.log]
[spec directory: c:\git\Resumes-main\analyzers\finalResumeAnalyzer\\spec]
[spec file: c:\git\Resumes-main\analyzers\finalResumeAnalyzer\\spec\analyzer.seq]
[output directory: c:\git\Resumes-main\analyzers\finalResumeAnalyzer\\output]
[infile path: c:\git\Resumes-main\analyzers\finalResumeAnalyzer\input\PDFResumes\PR12.txt]
[outfile path: c:\git\Resumes-main\analyzers\finalResumeAnalyzer\\outfile.txt]
[outdir path: c:\git\Resumes-main\analyzers\finalResumeAnalyzer\input\PDFResumes\PR12.txt_log]
[AFTER VTRUN DELETE: ]
Active Algo count=1
